[#493 -> Arceus: Pokémon Alfa - ['normal'] - ['Multitype'] - 320,0kg - 3,2m - 3% - true - 4 gen] - 10/12/2006
[#382 -> Kyogre: Pokémon da Bacia do Mar - ['água'] - ['Garoa'] - 352,0kg - 4,5m - 3% - verdadeiro - 3 gerações] - 24/06/2002
[#642 -> Thundurus: Pokémon Bolt Strike - ['elétrico', 'voador'] - ['Brincalhão', 'Desafiador', 'Absorção de Volt'] - 61,0kg - 1,5m - 3% - verdadeiro - 5 geração] - 29/09/2010
[#718 -> Zygarde: Pokémon da Ordem - ['dragão', 'solo'] - ['Quebra de Aura', 'Construto de Poder'] - 284,6kg - 5,0m - 3% - verdadeiro - 6 gerações] - 08/02/2013
[#550 -> Basculin: Pokémon Hostil - ['água'] - ['Imprudente', 'Cabeça de Pedra', 'Adaptabilidade', 'Quebra-Moldes'] - 18,0kg - 1,0m - 25% - falso - 5 geração] - 04/08/2010
[#466 -> Electivire: Thunderbolt Pokémon - ['elétrico'] - ['Motor Drive', 'Vital Spirit'] - 138,6kg - 1,8m - 30% - falso - 4 gerações] - 15/07/2006
[#132 -> Idem: Transformar Pokémon - ['normal'] - ['Limber', 'Impostor'] - 4,0kg - 0,3m - 35% - falso - 1 geração] - 15/01/1996
[#181 -> Ampharos: Pokémon Leves - ['elétrico'] - ['Estático', 'Mais'] - 61,5kg - 1,4m - 45% - falso - 2 gerações] - 25/05/1999
[#411 -> Bastiodon: Pokémon Escudo - ['rocha', 'aço'] - ['Robusto', 'À prova de som'] - 149,5kg - 1,3m - 45% - falso - 4 gerações] - 31/12/2006
[#477 -> Dusknoir: Pokémon Garra - ['fantasma'] - ['Pressão', 'Risco'] - 106,6kg - 2,2m - 45% - falso - 4 gerações] - 20/09/2006
[#500 -> Emboar: Mega Fire Pig Pokémon - ['fogo', 'luta'] - ['Blaze', 'Imprudente'] - 150,0kg - 1,6 milhões - 45% - falso - 5 geração] - 15/06/2010
[#189 -> Jumpluff: Pokémon Cottonweed - ['grama', 'voador'] - ['Clorofila', 'Guarda da Folha', 'Infiltrador'] - 3,0kg - 0,8m - 45% - falso - 2 geração] - 15/05/1999
[#151 -> Mew: Novas Espécies Pokémon - ['psíquico'] - ['Sincronizar'] - 4,0kg - 0,4m - 45% - verdadeiro - 1 geração] - 21/08/2001
[#741 -> Oricorio: Pokémon Dançarino - ['fogo', 'voador'] - ['Dançarino'] - 3,4kg - 0,6 m - 45% - falso - 7 geração] - 03/05/2016
[#137 -> Porygon: Pokémon Virtual - ['normal'] - ['Trace', 'Download', 'Analytic'] - 36,5kg - 0,8m - 45% - false - 1 geração] - 06/06/1996
[#791 -> Solgaleo: Sunne Pokémon - ['psíquico', 'aço'] - ['Corpo de Metal Completo'] - 230,0kg - 3,4m - 45% - verdadeiro - 7 gerações] - 20/05/2016
[#398 -> Staraptor: Pokémon Predador - ['normal', 'voador'] - ['Intimidar', 'Imprudente'] - 24,9kg - 1,2m - 45% - falso - 4 gerações] - 18/01/2006
[#700 -> Sylveon: Pokémon Entrelaçados - ['fada'] - ['Amuleto Fofo', 'Pixilate'] - 23,5kg - 1,0m - 45% - falso - 6 gerações] - 02/07/2013
[#564 -> Tirtouga: Pokémon Prototartaruga - ['água', 'rocha'] - ['Rocha Sólida', 'Resistente', 'Natação Rápida'] - 16,5kg - 0,7m - 45% - falso - 5 geração] - 02/09/2010
[#252 -> Treecko: Pokémon Lagartixa de Madeira - ['grama'] - ['Crescimento excessivo', 'Descarga'] - 5,0kg - 0,5m - 45% - falso - 3 gerações] - 19/01/2002
[#248 -> Tyranitar: Pokémon de Armadura - ['pedra', 'escuro'] - ['Fluxo de Areia', 'Enervante'] - 202,0kg - 2,0m - 45% - falso - 2 gerações] - 27/10/1999
[#666 -> Vivillon: Pokémon de Escama - ['bug', 'voador'] - ['Shield Dust', 'Compoundeyes', 'Friend Guard'] - 17,0kg - 1,2m - 45% - false - 6 geração] - 20/06/2013
[#473 -> Mamoswine: Pokémon Presa Gêmea - ['gelo', 'solo'] - ['Alheio', 'Capa de Neve', 'Gordura Grossa'] - 291,0kg - 2,5m - 50% - falso - 4 geração] - 12/09/2006
[#91 -> Cloyster: Pokémon Bivalve - ['água', 'gelo'] - ['Armadura de Concha', 'Elo de Habilidade', 'Sobretudo'] - 132,5kg - 1,5m - 60% - falso - 1 geração] - 05/06/1996
[#222 -> Corsola: Pokémon Coral - ['água', 'rocha'] - ['Hustle', 'Cura Natural', 'Regenerador'] - 5,0kg - 0,6m - 60% - falso - 2 gerações] - 07/07/1999
[#740 -> Crabominable: Pokémon Caranguejo Lanudo - ['luta', 'gelo'] - ['Hipercortador', 'Punho de Ferro', 'Ponto de Raiva'] - 180,0kg - 1,7m - 60% - falso - 7 gerações] - 25/03/2016
[#112 -> Rhydon: Drill Pokémon - ['ground', 'rock'] - ['Lightningrod', 'Rock Head', 'Reckless'] - 120,0kg - 1,9m - 60% - false - 1 geração] - 28/03/1996
[#47 -> Parasect: Pokémon Cogumelo - ['inseto', 'grama'] - ['Esporo de Efeito', 'Pele Seca', 'Úmido'] - 29,5kg - 1,0m - 75% - falso - 1 geração] - 04/04/1996
[#317 -> Swalot: Pokémon Poison Bag - ['veneno'] - ['Liquid Ooze', 'Sticky Hold', 'Gluttony'] - 80,0kg - 1,7m - 75% - false - 3 gen] - 16/03/2002
[#24 -> Arbok: Cobra Pokémon - ['veneno'] - ['Intimidar', 'Trocar de Pele', 'Enervar'] - 65,0kg - 3,5m - 90% - falso - 1 geração] - 28/01/1996
[#608 -> Lampent: Pokémon Lâmpada - ['fantasma', 'fogo'] - ['Fogo Instantâneo', 'Corpo de Chamas', 'Infiltrador'] - 13,0kg - 0,6m - 90% - falso - 5ª geração] - 17/05/2010
[#180 -> Flaaffy: Pokémon de Lã - ['elétrico'] - ['Estático', 'Mais'] - 13,3kg - 0,8m - 120% - falso - 2 geração] - 12/09/1999
[#708 -> Phantump: Pokémon Stump - ['fantasma', 'grama'] - ['Cura Natural', 'Risco', 'Colheita'] - 7,0kg - 0,4m - 120% - falso - 6 geração] - 19/09/2013
[#61 -> Poliwhirl: Pokémon Girino - ['água'] - ['Absorção de Água', 'Úmido', 'Natação Rápida'] - 20,0kg - 1,0m - 120% - falso - 1 geração] - 24/10/1996
[#453 -> Croagunk: Pokémon Boca Tóxica - ['veneno', 'luta'] - ['Antecipação', 'Pele Seca', 'Toque Venenoso'] - 23,0kg - 0,7m - 140% - falso - 4 geração] - 21/05/2006
[#174 -> Igglybuff: Pokémon Balão - ['normal', 'fada'] - ['Amuleto Fofo', 'Competitivo', 'Guarda Amigo'] - 1,0kg - 0,3m - 170% - falso - 2 geração] - 05/04/1999
[#777 -> Togedemaru: Pokémon Roly-Poly - ['elétrico', 'aço'] - ['Farpas de Ferro', 'Pára-raios', 'Robusto'] - 3,3kg - 0,3 m - 180% - falso - 7 gerações] - 04/09/2016
[#677 -> Espurr: Pokémon de Contenção - ['psíquico'] - ['Olho Afiado', 'Infiltrador', 'Próprio Ritmo'] - 3,5kg - 0,3m - 190% - falso - 6ª geração] - 28/07/2013
[#56 -> Mankey: Pokémon Macaco Porco - ['lutando'] - ['Espírito Vital', 'Ponto de Raiva', 'Desafiador'] - 28,0kg - 0,5m - 190% - falso - 1 geração] - 02/05/1996
[#46 -> Paras: Pokémon Cogumelo - ['inseto', 'grama'] - ['Esporo de Efeito', 'Pele Seca', 'Úmido'] - 5,4kg - 0,3m - 190% - falso - 1 geração] - 11/01/1996
[#527 -> Woobat: Pokémon Morcego - ['psíquico', 'voador'] - ['Inconsciente', 'Klutz', 'Simples'] - 2,1kg - 0,4m - 190% - falso - 5 geração] - 09/01/2010
[#297 -> Hariyama: Pokémon Arm Thrust - ['lutando'] - ['Gordura Grossa', 'Tripas', 'Força Pura'] - 253,8kg - 2,3m - 200% - falso - 3 gerações] - 21/01/2002
[#682 -> Spritzee: Pokémon Perfume - ['fada'] - ['Curandeiro', 'Véu de Aroma'] - 0,5kg - 0,2m - 200% - falso - 6 gerações] - 14/06/2013
[#98 -> Krabby: Pokémon Caranguejo do Rio - ['água'] - ['Hyper Cutter', 'Shell Armor', 'Sheer Force'] - 6,5kg - 0,4m - 225% - false - 1 geração] - 11/04/1996
[#438 -> Bonsly: Bonsai Pokémon - ['rock'] - ['Sturdy', 'Rock Head', 'Rattled'] - 15,0kg - 0,5m - 255% - false - 4 gen] - 31/08/2006
[#506 -> Lillipup: Pokémon Filhote - ['normal'] - ['Espírito Vital', 'Pickup', 'Fugir'] - 4,1kg - 0,4m - 255% - falso - 5ª geração] - 09/04/2010
[#261 -> Poochyena: Bite Pokémon - ['dark'] - ['Fuja', 'Pés Rápidos', 'Sacudido'] - 13,6kg - 0,5m - 255% - falso - 3 gerações] - 26/07/2002
[#19 -> Rattata: Mouse Pokémon - ['normal', 'dark'] - ['Fuja', 'Guts', 'Hustle', 'Gulandy', 'Hustle', 'Thick Fat'] - 0,0kg - 0,0m - 255% - false - 1 geração] - 20/12/1996
[#21 -> Spearow: Tiny Bird Pokémon - ['normal', 'voador'] - ['Olho Afiado', 'Sniper'] - 2,0kg - 0,3m - 255% - falso - 1 geração] - 18/10/1996
[#363 -> Spheal: Clap Pokémon - ['gelo', 'água'] - ['Gordura Grossa', 'Corpo de Gelo', 'Alheio'] - 39,5kg - 0,8m - 255% - falso - 3 gerações] - 11/05/2002
[#328 -> Trapinch: Pokémon Ant Pit - ['ground'] - ['Hyper Cutter', 'Arena Trap', 'Sheer Force'] - 15,0kg - 0,7m - 255% - false - 3 gen] - 23/04/2002
